C:\Program Files\Microsoft Visual Studio\2022\Community\MSBuild\Microsoft\VC\v160\Microsoft.CppBuild.targets(513,5): warning MSB8028: El directorio intermedio (x64\Debug\) contiene archivos compartidos de otro proyecto (Vikings.vcxproj). Esto puede dar lugar a un comportamiento incorrecto de limpieza y recompilación.
  AABB.cpp
  Enemy.cpp
  EnemyManager.cpp
  Entity.cpp
  Game.cpp
  Globals.cpp
  main.cpp
  Object.cpp
  Player.cpp
  RenderComponent.cpp
  ResourceManager.cpp
  Scene.cpp
  Shot.cpp
  ShotManager.cpp
  Slime.cpp
  Sprite.cpp
  StaticImage.cpp
  TileMap.cpp
  Turret.cpp
  Generando código...
  Vikings.vcxproj -> C:\Users\victorpo4\Desktop\vikings p7\vikings p7\vikings\Vikings\x64\Debug\Pengo.exe
          1 archivo(s) copiado(s).
